2026-04-28 16:44:05,367 INFO o.a.j.u.JMeterUtils: Setting Locale to en_EN
2026-04-28 16:44:05,415 INFO o.a.j.JMeter: Loading user properties from: C:\Users\Rafsan\Downloads\apache-jmeter-5.6.3\apache-jmeter-5.6.3\bin\user.properties
2026-04-28 16:44:05,416 INFO o.a.j.JMeter: Loading system properties from: C:\Users\Rafsan\Downloads\apache-jmeter-5.6.3\apache-jmeter-5.6.3\bin\system.properties
2026-04-28 16:44:05,426 INFO o.a.j.JMeter: Copyright (c) 1998-2024 The Apache Software Foundation
2026-04-28 16:44:05,426 INFO o.a.j.JMeter: Version 5.6.3
2026-04-28 16:44:05,426 INFO o.a.j.JMeter: java.version=21.0.8
2026-04-28 16:44:05,426 INFO o.a.j.JMeter: java.vm.name=Java HotSpot(TM) 64-Bit Server VM
2026-04-28 16:44:05,426 INFO o.a.j.JMeter: os.name=Windows 11
2026-04-28 16:44:05,426 INFO o.a.j.JMeter: os.arch=amd64
2026-04-28 16:44:05,426 INFO o.a.j.JMeter: os.version=10.0
2026-04-28 16:44:05,426 INFO o.a.j.JMeter: file.encoding=UTF-8
2026-04-28 16:44:05,426 INFO o.a.j.JMeter: java.awt.headless=true
2026-04-28 16:44:05,428 INFO o.a.j.JMeter: Max memory     =1073741824
2026-04-28 16:44:05,428 INFO o.a.j.JMeter: Available Processors =22
2026-04-28 16:44:05,436 INFO o.a.j.JMeter: Default Locale=English (EN)
2026-04-28 16:44:05,436 INFO o.a.j.JMeter: JMeter  Locale=English (EN)
2026-04-28 16:44:05,437 INFO o.a.j.JMeter: JMeterHome=C:\Users\Rafsan\Downloads\apache-jmeter-5.6.3\apache-jmeter-5.6.3
2026-04-28 16:44:05,437 INFO o.a.j.JMeter: user.dir  =D:\materi kuliah\semester 4\adpro\Module 7\exercise-profiling
2026-04-28 16:44:05,437 INFO o.a.j.JMeter: PWD       =D:\materi kuliah\semester 4\adpro\Module 7\exercise-profiling
2026-04-28 16:44:05,439 INFO o.a.j.JMeter: IP: 192.168.110.198 Name: LAPTOP-SABNB54J FullName: host.docker.internal
2026-04-28 16:44:05,460 INFO o.a.j.s.FileServer: Default base='D:\materi kuliah\semester 4\adpro\Module 7\exercise-profiling'
2026-04-28 16:44:05,462 INFO o.a.j.s.FileServer: Set new base='D:\materi kuliah\semester 4\adpro\Module 7\exercise-profiling'
2026-04-28 16:44:05,702 INFO o.a.j.s.SaveService: Testplan (JMX) version: 2.2. Testlog (JTL) version: 2.2
2026-04-28 16:44:05,741 INFO o.a.j.s.SaveService: Using SaveService properties version 5.0
2026-04-28 16:44:05,746 INFO o.a.j.s.SaveService: Using SaveService properties file encoding UTF-8
2026-04-28 16:44:05,750 INFO o.a.j.s.SaveService: Loading file: test_plan_3.jmx
2026-04-28 16:44:05,804 INFO o.a.j.p.h.s.HTTPSamplerBase: Parser for text/html is org.apache.jmeter.protocol.http.parser.LagartoBasedHtmlParser
2026-04-28 16:44:05,804 INFO o.a.j.p.h.s.HTTPSamplerBase: Parser for application/xhtml+xml is org.apache.jmeter.protocol.http.parser.LagartoBasedHtmlParser
2026-04-28 16:44:05,804 INFO o.a.j.p.h.s.HTTPSamplerBase: Parser for application/xml is org.apache.jmeter.protocol.http.parser.LagartoBasedHtmlParser
2026-04-28 16:44:05,804 INFO o.a.j.p.h.s.HTTPSamplerBase: Parser for text/xml is org.apache.jmeter.protocol.http.parser.LagartoBasedHtmlParser
2026-04-28 16:44:05,804 INFO o.a.j.p.h.s.HTTPSamplerBase: Parser for text/vnd.wap.wml is org.apache.jmeter.protocol.http.parser.RegexpHTMLParser
2026-04-28 16:44:05,804 INFO o.a.j.p.h.s.HTTPSamplerBase: Parser for text/css is org.apache.jmeter.protocol.http.parser.CssParser
2026-04-28 16:44:05,831 INFO o.a.j.JMeter: Creating summariser <summary>
2026-04-28 16:44:05,846 INFO o.a.j.e.StandardJMeterEngine: Running the test!
2026-04-28 16:44:05,846 INFO o.a.j.s.SampleEvent: List of sample_variables: []
2026-04-28 16:44:05,846 INFO o.a.j.s.SampleEvent: List of sample_variables: []
2026-04-28 16:44:05,850 INFO o.a.j.e.u.CompoundVariable: Note: Function class names must contain the string: '.functions.'
2026-04-28 16:44:05,851 INFO o.a.j.e.u.CompoundVariable: Note: Function class names must not contain the string: '.gui.'
2026-04-28 16:44:05,922 INFO o.a.j.JMeter: Running test (1777369445922)
2026-04-28 16:44:05,937 INFO o.a.j.e.StandardJMeterEngine: Starting ThreadGroup: 1 : Thread Group
2026-04-28 16:44:05,937 INFO o.a.j.e.StandardJMeterEngine: Starting 10 threads for group Thread Group.
2026-04-28 16:44:05,937 INFO o.a.j.e.StandardJMeterEngine: Thread will continue on error
2026-04-28 16:44:05,937 INFO o.a.j.t.ThreadGroup: Starting thread group... number=1 threads=10 ramp-up=1 delayedStart=false
2026-04-28 16:44:05,945 INFO o.a.j.t.ThreadGroup: Started thread group number 1
2026-04-28 16:44:05,945 INFO o.a.j.e.StandardJMeterEngine: All thread groups have been started
2026-04-28 16:44:05,950 INFO o.a.j.t.JMeterThread: Thread started: Thread Group 1-1
2026-04-28 16:44:05,964 INFO o.a.j.p.h.s.HTTPHCAbstractImpl: Local host = LAPTOP-SABNB54J
2026-04-28 16:44:05,971 INFO o.a.j.p.h.s.HTTPHC4Impl: HTTP request retry count = 0
2026-04-28 16:44:05,973 INFO o.a.j.s.SampleResult: Note: Sample TimeStamps are START times
2026-04-28 16:44:05,973 INFO o.a.j.s.SampleResult: sampleresult.default.encoding is set to UTF-8
2026-04-28 16:44:05,973 INFO o.a.j.s.SampleResult: sampleresult.useNanoTime=true
2026-04-28 16:44:05,973 INFO o.a.j.s.SampleResult: sampleresult.nanoThreadSleep=5000
2026-04-28 16:44:06,049 INFO o.a.j.t.JMeterThread: Thread started: Thread Group 1-2
2026-04-28 16:44:06,149 INFO o.a.j.t.JMeterThread: Thread started: Thread Group 1-3
2026-04-28 16:44:06,155 INFO o.a.j.t.JMeterThread: Thread is done: Thread Group 1-2
2026-04-28 16:44:06,155 INFO o.a.j.t.JMeterThread: Thread is done: Thread Group 1-1
2026-04-28 16:44:06,155 INFO o.a.j.t.JMeterThread: Thread finished: Thread Group 1-2
2026-04-28 16:44:06,155 INFO o.a.j.t.JMeterThread: Thread finished: Thread Group 1-1
2026-04-28 16:44:06,161 INFO o.a.j.t.JMeterThread: Thread is done: Thread Group 1-3
2026-04-28 16:44:06,161 INFO o.a.j.t.JMeterThread: Thread finished: Thread Group 1-3
2026-04-28 16:44:06,249 INFO o.a.j.t.JMeterThread: Thread started: Thread Group 1-4
2026-04-28 16:44:06,273 INFO o.a.j.t.JMeterThread: Thread is done: Thread Group 1-4
2026-04-28 16:44:06,273 INFO o.a.j.t.JMeterThread: Thread finished: Thread Group 1-4
2026-04-28 16:44:06,348 INFO o.a.j.t.JMeterThread: Thread started: Thread Group 1-5
2026-04-28 16:44:06,367 INFO o.a.j.t.JMeterThread: Thread is done: Thread Group 1-5
2026-04-28 16:44:06,367 INFO o.a.j.t.JMeterThread: Thread finished: Thread Group 1-5
2026-04-28 16:44:06,446 INFO o.a.j.t.JMeterThread: Thread started: Thread Group 1-6
2026-04-28 16:44:06,484 INFO o.a.j.t.JMeterThread: Thread is done: Thread Group 1-6
2026-04-28 16:44:06,484 INFO o.a.j.t.JMeterThread: Thread finished: Thread Group 1-6
2026-04-28 16:44:06,545 INFO o.a.j.t.JMeterThread: Thread started: Thread Group 1-7
2026-04-28 16:44:06,565 INFO o.a.j.t.JMeterThread: Thread is done: Thread Group 1-7
2026-04-28 16:44:06,565 INFO o.a.j.t.JMeterThread: Thread finished: Thread Group 1-7
2026-04-28 16:44:06,646 INFO o.a.j.t.JMeterThread: Thread started: Thread Group 1-8
2026-04-28 16:44:06,665 INFO o.a.j.t.JMeterThread: Thread is done: Thread Group 1-8
2026-04-28 16:44:06,666 INFO o.a.j.t.JMeterThread: Thread finished: Thread Group 1-8
2026-04-28 16:44:06,744 INFO o.a.j.t.JMeterThread: Thread started: Thread Group 1-9
2026-04-28 16:44:06,763 INFO o.a.j.t.JMeterThread: Thread is done: Thread Group 1-9
2026-04-28 16:44:06,763 INFO o.a.j.t.JMeterThread: Thread finished: Thread Group 1-9
2026-04-28 16:44:06,844 INFO o.a.j.t.JMeterThread: Thread started: Thread Group 1-10
2026-04-28 16:44:06,861 INFO o.a.j.t.JMeterThread: Thread is done: Thread Group 1-10
2026-04-28 16:44:06,861 INFO o.a.j.t.JMeterThread: Thread finished: Thread Group 1-10
2026-04-28 16:44:06,863 INFO o.a.j.e.StandardJMeterEngine: Notifying test listeners of end of test
2026-04-28 16:44:06,867 INFO o.a.j.r.Summariser: summary =     10 in 00:00:01 =   10.6/s Avg:    26 Min:    11 Max:    70 Err:     0 (0.00%)
